[ WARN ] [2016-03-23 11:35:15] io.netty.channel.ChannelInitializer.nioEventLoopGroup-3-2 [151] - Failed to initialize a channel. Closing: [id: 0x7eca7296, /192.168.1.19:51506 => /192.168.1.19:8088]
io.netty.channel.ChannelPipelineException: com.tiza.handler.ServerHandler is not a @Sharable handler, so can't be added or removed multiple times.
	at io.netty.channel.DefaultChannelPipeline.checkMultiplicity(DefaultChannelPipeline.java:449)
	at io.netty.channel.DefaultChannelPipeline.addLast0(DefaultChannelPipeline.java:146)
	at io.netty.channel.DefaultChannelPipeline.addLast(DefaultChannelPipeline.java:141)
	at io.netty.channel.DefaultChannelPipeline.addLast(DefaultChannelPipeline.java:253)
	at io.netty.channel.DefaultChannelPipeline.addLast(DefaultChannelPipeline.java:240)
	at com.tiza.client.ServerClient$1.initChannel(ServerClient.java:58)
	at com.tiza.client.ServerClient$1.initChannel(ServerClient.java:50)
	at io.netty.channel.ChannelInitializer.channelRegistered(ChannelInitializer.java:68)
	at io.netty.channel.AbstractChannelHandlerContext.invokeChannelRegistered(AbstractChannelHandlerContext.java:133)
	at io.netty.channel.AbstractChannelHandlerContext.fireChannelRegistered(AbstractChannelHandlerContext.java:119)
	at io.netty.channel.DefaultChannelPipeline.fireChannelRegistered(DefaultChannelPipeline.java:725)
	at io.netty.channel.AbstractChannel$AbstractUnsafe.register0(AbstractChannel.java:450)
	at io.netty.channel.AbstractChannel$AbstractUnsafe.access$100(AbstractChannel.java:378)
	at io.netty.channel.AbstractChannel$AbstractUnsafe$1.run(AbstractChannel.java:424)
	at io.netty.util.concurrent.SingleThreadEventExecutor.runAllTasks(SingleThreadEventExecutor.java:358)
	at io.netty.channel.nio.NioEventLoop.run(NioEventLoop.java:357)
	at io.netty.util.concurrent.SingleThreadEventExecutor$2.run(SingleThreadEventExecutor.java:112)
	at io.netty.util.concurrent.DefaultThreadFactory$DefaultRunnableDecorator.run(DefaultThreadFactory.java:137)
	at java.lang.Thread.run(Thread.java:745)
